<?xml version="1.0" encoding="UTF-8"?>
<!-- Generated by org.testng.reporters.JUnitReportReporter -->
<testsuite hostname="DESKTOP-30H98LO" failures="0" tests="2" name="ParatusSystems.TestRunner" time="94.429" errors="2" timestamp="31 Mar 2024 08:13:03 GMT" skipped="0">
  <testcase classname="ParatusSystems.TestRunner" name="runScenario" time="69.366">
    <error message="Cannot invoke &quot;org.openqa.selenium.remote.RemoteWebDriver.manage()&quot; because &quot;com.stepdefinitions.CustomeHooks.driver&quot; is null" type="java.lang.NullPointerException">
      <![CDATA[java.lang.NullPointerException: Cannot invoke "org.openqa.selenium.remote.RemoteWebDriver.manage()" because "com.stepdefinitions.CustomeHooks.driver" is null
at com.stepdefinitions.CustomeHooks.implicitlyWait(CustomeHooks.java:30)
at com.stepdefinitions.GmailTestCases.enterUserId(GmailTestCases.java:32)
at ✽.Enter User Email ID(file:src/test/resources/Features/Gmail.feature:7)
]]>
    </error>
  </testcase> <!-- runScenario -->
  <testcase classname="ParatusSystems.TestRunner" name="runScenario" time="25.063">
    <error message="Cannot invoke &quot;org.openqa.selenium.WebElement.click()&quot; because &quot;this.clickOnCompose&quot; is null" type="java.lang.NullPointerException">
      <![CDATA[java.lang.NullPointerException: Cannot invoke "org.openqa.selenium.WebElement.click()" because "this.clickOnCompose" is null
at com.pageobject.HomePage.clickOnComposeButton(HomePage.java:52)
at com.stepdefinitions.GmailTestCases.loginAmazonAccount(GmailTestCases.java:48)
at ✽.Click on Compose(file:src/test/resources/Features/Gmail.feature:14)
]]>
    </error>
  </testcase> <!-- runScenario -->
</testsuite> <!-- ParatusSystems.TestRunner -->
